Determining if the pthread_create exist failed with the following output:
Change Dir: /home/guillaume/roscode/catkin_ws/src/peg_in_hole_project/peg_in_hole/build/CMakeFiles/CMakeTmp

Run Build Command:/usr/bin/make "cmTryCompileExec829167225/fast"
/usr/bin/make -f CMakeFiles/cmTryCompileExec829167225.dir/build.make CMakeFiles/cmTryCompileExec829167225.dir/build
make[1]: Entering directory `/home/guillaume/roscode/catkin_ws/src/peg_in_hole_project/peg_in_hole/build/CMakeFiles/CMakeTmp'
/usr/bin/cmake -E cmake_progress_report /home/guillaume/roscode/catkin_ws/src/peg_in_hole_project/peg_in_hole/build/CMakeFiles/CMakeTmp/CMakeFiles 1
Building C object CMakeFiles/cmTryCompileExec829167225.dir/CheckSymbolExists.c.o
/usr/bin/cc    -o CMakeFiles/cmTryCompileExec829167225.dir/CheckSymbolExists.c.o   -c /home/guillaume/roscode/catkin_ws/src/peg_in_hole_project/peg_in_hole/build/CMakeFiles/CMakeTmp/CheckSymbolExists.c
Linking C executable cmTryCompileExec829167225
/usr/bin/cmake -E cmake_link_script CMakeFiles/cmTryCompileExec829167225.dir/link.txt --verbose=1
/usr/bin/cc       CMakeFiles/cmTryCompileExec829167225.dir/CheckSymbolExists.c.o  -o cmTryCompileExec829167225 -rdynamic 
CMakeFiles/cmTryCompileExec829167225.dir/CheckSymbolExists.c.o: In function `main':
CheckSymbolExists.c:(.text+0x16): undefined reference to `pthread_create'
collect2: error: ld returned 1 exit status
make[1]: *** [cmTryCompileExec829167225] Error 1
make[1]: Leaving directory `/home/guillaume/roscode/catkin_ws/src/peg_in_hole_project/peg_in_hole/build/CMakeFiles/CMakeTmp'
make: *** [cmTryCompileExec829167225/fast] Error 2

File /home/guillaume/roscode/catkin_ws/src/peg_in_hole_project/peg_in_hole/build/CMakeFiles/CMakeTmp/CheckSymbolExists.c:
/* */
#include <pthread.h>

int main(int argc, char** argv)
{
  (void)argv;
#ifndef pthread_create
  return ((int*)(&pthread_create))[argc];
#else
  (void)argc;
  return 0;
#endif
}

Determining if the function pthread_create exists in the pthreads failed with the following output:
Change Dir: /home/guillaume/roscode/catkin_ws/src/peg_in_hole_project/peg_in_hole/build/CMakeFiles/CMakeTmp

Run Build Command:/usr/bin/make "cmTryCompileExec2716782869/fast"
/usr/bin/make -f CMakeFiles/cmTryCompileExec2716782869.dir/build.make CMakeFiles/cmTryCompileExec2716782869.dir/build
make[1]: Entering directory `/home/guillaume/roscode/catkin_ws/src/peg_in_hole_project/peg_in_hole/build/CMakeFiles/CMakeTmp'
/usr/bin/cmake -E cmake_progress_report /home/guillaume/roscode/catkin_ws/src/peg_in_hole_project/peg_in_hole/build/CMakeFiles/CMakeTmp/CMakeFiles 1
Building C object CMakeFiles/cmTryCompileExec2716782869.dir/CheckFunctionExists.c.o
/usr/bin/cc   -DCHECK_FUNCTION_EXISTS=pthread_create   -o CMakeFiles/cmTryCompileExec2716782869.dir/CheckFunctionExists.c.o   -c /usr/share/cmake-2.8/Modules/CheckFunctionExists.c
Linking C executable cmTryCompileExec2716782869
/usr/bin/cmake -E cmake_link_script CMakeFiles/cmTryCompileExec2716782869.dir/link.txt --verbose=1
/usr/bin/cc   -DCHECK_FUNCTION_EXISTS=pthread_create    CMakeFiles/cmTryCompileExec2716782869.dir/CheckFunctionExists.c.o  -o cmTryCompileExec2716782869 -rdynamic -lpthreads 
/usr/bin/ld: cannot find -lpthreads
collect2: error: ld returned 1 exit status
make[1]: *** [cmTryCompileExec2716782869] Error 1
make[1]: Leaving directory `/home/guillaume/roscode/catkin_ws/src/peg_in_hole_project/peg_in_hole/build/CMakeFiles/CMakeTmp'
make: *** [cmTryCompileExec2716782869/fast] Error 2


