Determining if the pthread_create exist failed with the following output:
Change Dir: /home/guillaume/roscode/catkin_ws/src/peg_in_hole_project/peg_hole_kuka/build/CMakeFiles/CMakeTmp

Run Build Command:/usr/bin/make "cmTryCompileExec2433833563/fast"
/usr/bin/make -f CMakeFiles/cmTryCompileExec2433833563.dir/build.make CMakeFiles/cmTryCompileExec2433833563.dir/build
make[1]: Entering directory `/home/guillaume/roscode/catkin_ws/src/peg_in_hole_project/peg_hole_kuka/build/CMakeFiles/CMakeTmp'
/usr/bin/cmake -E cmake_progress_report /home/guillaume/roscode/catkin_ws/src/peg_in_hole_project/peg_hole_kuka/build/CMakeFiles/CMakeTmp/CMakeFiles 1
Building C object CMakeFiles/cmTryCompileExec2433833563.dir/CheckSymbolExists.c.o
/usr/bin/cc    -o CMakeFiles/cmTryCompileExec2433833563.dir/CheckSymbolExists.c.o   -c /home/guillaume/roscode/catkin_ws/src/peg_in_hole_project/peg_hole_kuka/build/CMakeFiles/CMakeTmp/CheckSymbolExists.c
Linking C executable cmTryCompileExec2433833563
/usr/bin/cmake -E cmake_link_script CMakeFiles/cmTryCompileExec2433833563.dir/link.txt --verbose=1
/usr/bin/cc       CMakeFiles/cmTryCompileExec2433833563.dir/CheckSymbolExists.c.o  -o cmTryCompileExec2433833563 -rdynamic 
CMakeFiles/cmTryCompileExec2433833563.dir/CheckSymbolExists.c.o: In function `main':
CheckSymbolExists.c:(.text+0x16): undefined reference to `pthread_create'
collect2: error: ld returned 1 exit status
make[1]: *** [cmTryCompileExec2433833563] Error 1
make[1]: Leaving directory `/home/guillaume/roscode/catkin_ws/src/peg_in_hole_project/peg_hole_kuka/build/CMakeFiles/CMakeTmp'
make: *** [cmTryCompileExec2433833563/fast] Error 2

File /home/guillaume/roscode/catkin_ws/src/peg_in_hole_project/peg_hole_kuka/build/CMakeFiles/CMakeTmp/CheckSymbolExists.c:
/* */
#include <pthread.h>

int main(int argc, char** argv)
{
  (void)argv;
#ifndef pthread_create
  return ((int*)(&pthread_create))[argc];
#else
  (void)argc;
  return 0;
#endif
}

Determining if the function pthread_create exists in the pthreads failed with the following output:
Change Dir: /home/guillaume/roscode/catkin_ws/src/peg_in_hole_project/peg_hole_kuka/build/CMakeFiles/CMakeTmp

Run Build Command:/usr/bin/make "cmTryCompileExec1299881454/fast"
/usr/bin/make -f CMakeFiles/cmTryCompileExec1299881454.dir/build.make CMakeFiles/cmTryCompileExec1299881454.dir/build
make[1]: Entering directory `/home/guillaume/roscode/catkin_ws/src/peg_in_hole_project/peg_hole_kuka/build/CMakeFiles/CMakeTmp'
/usr/bin/cmake -E cmake_progress_report /home/guillaume/roscode/catkin_ws/src/peg_in_hole_project/peg_hole_kuka/build/CMakeFiles/CMakeTmp/CMakeFiles 1
Building C object CMakeFiles/cmTryCompileExec1299881454.dir/CheckFunctionExists.c.o
/usr/bin/cc   -DCHECK_FUNCTION_EXISTS=pthread_create   -o CMakeFiles/cmTryCompileExec1299881454.dir/CheckFunctionExists.c.o   -c /usr/share/cmake-2.8/Modules/CheckFunctionExists.c
Linking C executable cmTryCompileExec1299881454
/usr/bin/cmake -E cmake_link_script CMakeFiles/cmTryCompileExec1299881454.dir/link.txt --verbose=1
/usr/bin/cc   -DCHECK_FUNCTION_EXISTS=pthread_create    CMakeFiles/cmTryCompileExec1299881454.dir/CheckFunctionExists.c.o  -o cmTryCompileExec1299881454 -rdynamic -lpthreads 
/usr/bin/ld: cannot find -lpthreads
collect2: error: ld returned 1 exit status
make[1]: Leaving directory `/home/guillaume/roscode/catkin_ws/src/peg_in_hole_project/peg_hole_kuka/build/CMakeFiles/CMakeTmp'
make[1]: *** [cmTryCompileExec1299881454] Error 1
make: *** [cmTryCompileExec1299881454/fast] Error 2


